2016-11-04 08:43:22,664 - Log4JLogChute initialized using file 'velocity.log'
2016-11-04 08:43:22,665 - Velocity was not initialized! Calling init()...
2016-11-04 08:43:22,665 - Starting Apache Velocity v1.5 (compiled: 2007-02-22 08:52:29)
2016-11-04 08:43:22,665 - Default Properties File: org/apache/velocity/runtime/defaults/velocity.properties
2016-11-04 08:43:22,665 - Trying to use logger class org.apache.velocity.runtime.log.AvalonLogChute
2016-11-04 08:43:22,667 - Couldn't find class org.apache.velocity.runtime.log.AvalonLogChute or necessary supporting classes in classpath.
java.lang.NoClassDefFoundError: org/apache/log/format/Formatter
	at java.lang.Class.forName0(Native Method)
	at java.lang.Class.forName(Class.java:274)
	at org.apache.velocity.util.ClassUtils.getClass(ClassUtils.java:63)
	at org.apache.velocity.util.ClassUtils.getNewInstance(ClassUtils.java:95)
	at org.apache.velocity.runtime.log.LogManager.createLogChute(LogManager.java:147)
	at org.apache.velocity.runtime.log.LogManager.updateLog(LogManager.java:208)
	at org.apache.velocity.runtime.RuntimeInstance.initializeLog(RuntimeInstance.java:728)
	at org.apache.velocity.runtime.RuntimeInstance.init(RuntimeInstance.java:240)
	at org.apache.velocity.runtime.RuntimeInstance.parse(RuntimeInstance.java:993)
	at org.apache.velocity.runtime.RuntimeInstance.parse(RuntimeInstance.java:972)
	at org.apache.velocity.runtime.RuntimeSingleton.parse(RuntimeSingleton.java:265)
	at org.apache.velocity.app.Velocity.evaluate(Velocity.java:274)
	at org.sonatype.mavenbook.weather.WeatherFormatter.format(WeatherFormatter.java:21)
	at org.sonatype.mavenbook.weather.yahoo.WeatherFormatterTest.testFormat(WeatherFormatterTest.java:23)
	at sun.reflect.NativeMethodAccessorImpl.invoke0(Native Method)
	at sun.reflect.NativeMethodAccessorImpl.invoke(NativeMethodAccessorImpl.java:57)
	at sun.reflect.DelegatingMethodAccessorImpl.invoke(DelegatingMethodAccessorImpl.java:43)
	at java.lang.reflect.Method.invoke(Method.java:606)
	at junit.framework.TestCase.runTest(TestCase.java:154)
	at junit.framework.TestCase.runBare(TestCase.java:127)
	at junit.framework.TestResult$1.protect(TestResult.java:106)
	at junit.framework.TestResult.runProtected(TestResult.java:124)
	at junit.framework.TestResult.run(TestResult.java:109)
	at junit.framework.TestCase.run(TestCase.java:118)
	at junit.framework.TestSuite.runTest(TestSuite.java:208)
	at junit.framework.TestSuite.run(TestSuite.java:203)
	at sun.reflect.NativeMethodAccessorImpl.invoke0(Native Method)
	at sun.reflect.NativeMethodAccessorImpl.invoke(NativeMethodAccessorImpl.java:57)
	at sun.reflect.DelegatingMethodAccessorImpl.invoke(DelegatingMethodAccessorImpl.java:43)
	at java.lang.reflect.Method.invoke(Method.java:606)
	at org.apache.maven.surefire.junit.JUnitTestSet.execute(JUnitTestSet.java:95)
	at org.apache.maven.surefire.junit.JUnit3Provider.executeTestSet(JUnit3Provider.java:121)
	at org.apache.maven.surefire.junit.JUnit3Provider.invoke(JUnit3Provider.java:98)
	at sun.reflect.NativeMethodAccessorImpl.invoke0(Native Method)
	at sun.reflect.NativeMethodAccessorImpl.invoke(NativeMethodAccessorImpl.java:57)
	at sun.reflect.DelegatingMethodAccessorImpl.invoke(DelegatingMethodAccessorImpl.java:43)
	at java.lang.reflect.Method.invoke(Method.java:606)
	at org.apache.maven.surefire.util.ReflectionUtils.invokeMethodWithArray(ReflectionUtils.java:189)
	at org.apache.maven.surefire.booter.ProviderFactory$ProviderProxy.invoke(ProviderFactory.java:165)
	at org.apache.maven.surefire.booter.ProviderFactory.invokeProvider(ProviderFactory.java:85)
	at org.apache.maven.surefire.booter.ForkedBooter.runSuitesInProcess(ForkedBooter.java:115)
	at org.apache.maven.surefire.booter.ForkedBooter.main(ForkedBooter.java:75)
Caused by: java.lang.ClassNotFoundException: org.apache.log.format.Formatter
	at java.net.URLClassLoader$1.run(URLClassLoader.java:366)
	at java.net.URLClassLoader$1.run(URLClassLoader.java:355)
	at java.security.AccessController.doPrivileged(Native Method)
	at java.net.URLClassLoader.findClass(URLClassLoader.java:354)
	at java.lang.ClassLoader.loadClass(ClassLoader.java:425)
	at sun.misc.Launcher$AppClassLoader.loadClass(Launcher.java:308)
	at java.lang.ClassLoader.loadClass(ClassLoader.java:358)
	... 42 more
2016-11-04 08:43:22,671 - Trying to use logger class org.apache.velocity.runtime.log.Log4JLogChute
2016-11-04 08:43:22,671 - Using logger class org.apache.velocity.runtime.log.Log4JLogChute
2016-11-04 08:43:22,696 - Default ResourceManager initializing. (class org.apache.velocity.runtime.resource.ResourceManagerImpl)
2016-11-04 08:43:22,740 - ResourceLoader instantiated: org.apache.velocity.runtime.resource.loader.FileResourceLoader
2016-11-04 08:43:22,742 - Do unicode file recognition:  false
2016-11-04 08:43:22,742 - FileResourceLoader : adding path '.'
2016-11-04 08:43:22,807 - ResourceCache: initialized (class org.apache.velocity.runtime.resource.ResourceCacheImpl)
2016-11-04 08:43:22,808 - Loaded System Directive: org.apache.velocity.runtime.directive.Literal
2016-11-04 08:43:22,810 - Loaded System Directive: org.apache.velocity.runtime.directive.Macro
2016-11-04 08:43:22,812 - Loaded System Directive: org.apache.velocity.runtime.directive.Parse
2016-11-04 08:43:22,814 - Loaded System Directive: org.apache.velocity.runtime.directive.Include
2016-11-04 08:43:22,815 - Loaded System Directive: org.apache.velocity.runtime.directive.Foreach
2016-11-04 08:43:22,859 - Created '20' parsers.
2016-11-04 08:43:22,872 - Velocimacro : "velocimacro.library" is not set.  Trying default library: VM_global_library.vm
2016-11-04 08:43:22,873 - Velocimacro : Default library not found.
2016-11-04 08:43:22,873 - Velocimacro : allowInline = true : VMs can be defined inline in templates
2016-11-04 08:43:22,873 - Velocimacro : allowInlineToOverride = false : VMs defined inline may NOT replace previous VM definitions
2016-11-04 08:43:22,873 - Velocimacro : allowInlineLocal = false : VMs defined inline will be global in scope if allowed.
2016-11-04 08:43:22,873 - Velocimacro : autoload off : VM system will not automatically reload global library macros
2016-11-04 08:47:43,077 - Log4JLogChute initialized using file 'velocity.log'
2016-11-04 08:47:43,101 - Velocity was not initialized! Calling init()...
2016-11-04 08:47:43,101 - Starting Apache Velocity v1.5 (compiled: 2007-02-22 08:52:29)
2016-11-04 08:47:43,101 - Default Properties File: org/apache/velocity/runtime/defaults/velocity.properties
2016-11-04 08:47:43,101 - Trying to use logger class org.apache.velocity.runtime.log.AvalonLogChute
2016-11-04 08:47:43,111 - Couldn't find class org.apache.velocity.runtime.log.AvalonLogChute or necessary supporting classes in classpath.
java.lang.NoClassDefFoundError: org/apache/log/format/Formatter
	at java.lang.Class.forName0(Native Method)
	at java.lang.Class.forName(Class.java:274)
	at org.apache.velocity.util.ClassUtils.getClass(ClassUtils.java:63)
	at org.apache.velocity.util.ClassUtils.getNewInstance(ClassUtils.java:95)
	at org.apache.velocity.runtime.log.LogManager.createLogChute(LogManager.java:147)
	at org.apache.velocity.runtime.log.LogManager.updateLog(LogManager.java:208)
	at org.apache.velocity.runtime.RuntimeInstance.initializeLog(RuntimeInstance.java:728)
	at org.apache.velocity.runtime.RuntimeInstance.init(RuntimeInstance.java:240)
	at org.apache.velocity.runtime.RuntimeInstance.parse(RuntimeInstance.java:993)
	at org.apache.velocity.runtime.RuntimeInstance.parse(RuntimeInstance.java:972)
	at org.apache.velocity.runtime.RuntimeSingleton.parse(RuntimeSingleton.java:265)
	at org.apache.velocity.app.Velocity.evaluate(Velocity.java:274)
	at org.sonatype.mavenbook.weather.WeatherFormatter.format(WeatherFormatter.java:21)
	at org.sonatype.mavenbook.weather.yahoo.WeatherFormatterTest.testFormat(WeatherFormatterTest.java:23)
	at sun.reflect.NativeMethodAccessorImpl.invoke0(Native Method)
	at sun.reflect.NativeMethodAccessorImpl.invoke(NativeMethodAccessorImpl.java:57)
	at sun.reflect.DelegatingMethodAccessorImpl.invoke(DelegatingMethodAccessorImpl.java:43)
	at java.lang.reflect.Method.invoke(Method.java:606)
	at junit.framework.TestCase.runTest(TestCase.java:154)
	at junit.framework.TestCase.runBare(TestCase.java:127)
	at junit.framework.TestResult$1.protect(TestResult.java:106)
	at junit.framework.TestResult.runProtected(TestResult.java:124)
	at junit.framework.TestResult.run(TestResult.java:109)
	at junit.framework.TestCase.run(TestCase.java:118)
	at junit.framework.TestSuite.runTest(TestSuite.java:208)
	at junit.framework.TestSuite.run(TestSuite.java:203)
	at sun.reflect.NativeMethodAccessorImpl.invoke0(Native Method)
	at sun.reflect.NativeMethodAccessorImpl.invoke(NativeMethodAccessorImpl.java:57)
	at sun.reflect.DelegatingMethodAccessorImpl.invoke(DelegatingMethodAccessorImpl.java:43)
	at java.lang.reflect.Method.invoke(Method.java:606)
	at org.apache.maven.surefire.junit.JUnitTestSet.execute(JUnitTestSet.java:95)
	at org.apache.maven.surefire.junit.JUnit3Provider.executeTestSet(JUnit3Provider.java:121)
	at org.apache.maven.surefire.junit.JUnit3Provider.invoke(JUnit3Provider.java:98)
	at sun.reflect.NativeMethodAccessorImpl.invoke0(Native Method)
	at sun.reflect.NativeMethodAccessorImpl.invoke(NativeMethodAccessorImpl.java:57)
	at sun.reflect.DelegatingMethodAccessorImpl.invoke(DelegatingMethodAccessorImpl.java:43)
	at java.lang.reflect.Method.invoke(Method.java:606)
	at org.apache.maven.surefire.util.ReflectionUtils.invokeMethodWithArray(ReflectionUtils.java:189)
	at org.apache.maven.surefire.booter.ProviderFactory$ProviderProxy.invoke(ProviderFactory.java:165)
	at org.apache.maven.surefire.booter.ProviderFactory.invokeProvider(ProviderFactory.java:85)
	at org.apache.maven.surefire.booter.ForkedBooter.runSuitesInProcess(ForkedBooter.java:115)
	at org.apache.maven.surefire.booter.ForkedBooter.main(ForkedBooter.java:75)
Caused by: java.lang.ClassNotFoundException: org.apache.log.format.Formatter
	at java.net.URLClassLoader$1.run(URLClassLoader.java:366)
	at java.net.URLClassLoader$1.run(URLClassLoader.java:355)
	at java.security.AccessController.doPrivileged(Native Method)
	at java.net.URLClassLoader.findClass(URLClassLoader.java:354)
	at java.lang.ClassLoader.loadClass(ClassLoader.java:425)
	at sun.misc.Launcher$AppClassLoader.loadClass(Launcher.java:308)
	at java.lang.ClassLoader.loadClass(ClassLoader.java:358)
	... 42 more
2016-11-04 08:47:43,114 - Trying to use logger class org.apache.velocity.runtime.log.Log4JLogChute
2016-11-04 08:47:43,114 - Using logger class org.apache.velocity.runtime.log.Log4JLogChute
2016-11-04 08:47:43,135 - Default ResourceManager initializing. (class org.apache.velocity.runtime.resource.ResourceManagerImpl)
2016-11-04 08:47:43,142 - ResourceLoader instantiated: org.apache.velocity.runtime.resource.loader.FileResourceLoader
2016-11-04 08:47:43,144 - Do unicode file recognition:  false
2016-11-04 08:47:43,144 - FileResourceLoader : adding path '.'
2016-11-04 08:47:43,217 - ResourceCache: initialized (class org.apache.velocity.runtime.resource.ResourceCacheImpl)
2016-11-04 08:47:43,219 - Loaded System Directive: org.apache.velocity.runtime.directive.Literal
2016-11-04 08:47:43,223 - Loaded System Directive: org.apache.velocity.runtime.directive.Macro
2016-11-04 08:47:43,227 - Loaded System Directive: org.apache.velocity.runtime.directive.Parse
2016-11-04 08:47:43,229 - Loaded System Directive: org.apache.velocity.runtime.directive.Include
2016-11-04 08:47:43,230 - Loaded System Directive: org.apache.velocity.runtime.directive.Foreach
2016-11-04 08:47:43,265 - Created '20' parsers.
2016-11-04 08:47:43,274 - Velocimacro : "velocimacro.library" is not set.  Trying default library: VM_global_library.vm
2016-11-04 08:47:43,274 - Velocimacro : Default library not found.
2016-11-04 08:47:43,274 - Velocimacro : allowInline = true : VMs can be defined inline in templates
2016-11-04 08:47:43,274 - Velocimacro : allowInlineToOverride = false : VMs defined inline may NOT replace previous VM definitions
2016-11-04 08:47:43,274 - Velocimacro : allowInlineLocal = false : VMs defined inline will be global in scope if allowed.
2016-11-04 08:47:43,274 - Velocimacro : autoload off : VM system will not automatically reload global library macros
2016-11-04 08:53:55,528 - Log4JLogChute initialized using file 'velocity.log'
2016-11-04 08:53:55,541 - Velocity was not initialized! Calling init()...
2016-11-04 08:53:55,542 - Starting Apache Velocity v1.5 (compiled: 2007-02-22 08:52:29)
2016-11-04 08:53:55,542 - Default Properties File: org/apache/velocity/runtime/defaults/velocity.properties
2016-11-04 08:53:55,542 - Trying to use logger class org.apache.velocity.runtime.log.AvalonLogChute
2016-11-04 08:53:55,544 - Couldn't find class org.apache.velocity.runtime.log.AvalonLogChute or necessary supporting classes in classpath.
java.lang.NoClassDefFoundError: org/apache/log/format/Formatter
	at java.lang.Class.forName0(Native Method)
	at java.lang.Class.forName(Class.java:274)
	at org.apache.velocity.util.ClassUtils.getClass(ClassUtils.java:63)
	at org.apache.velocity.util.ClassUtils.getNewInstance(ClassUtils.java:95)
	at org.apache.velocity.runtime.log.LogManager.createLogChute(LogManager.java:147)
	at org.apache.velocity.runtime.log.LogManager.updateLog(LogManager.java:208)
	at org.apache.velocity.runtime.RuntimeInstance.initializeLog(RuntimeInstance.java:728)
	at org.apache.velocity.runtime.RuntimeInstance.init(RuntimeInstance.java:240)
	at org.apache.velocity.runtime.RuntimeInstance.parse(RuntimeInstance.java:993)
	at org.apache.velocity.runtime.RuntimeInstance.parse(RuntimeInstance.java:972)
	at org.apache.velocity.runtime.RuntimeSingleton.parse(RuntimeSingleton.java:265)
	at org.apache.velocity.app.Velocity.evaluate(Velocity.java:274)
	at org.sonatype.mavenbook.weather.WeatherFormatter.format(WeatherFormatter.java:21)
	at org.sonatype.mavenbook.weather.yahoo.WeatherFormatterTest.testFormat(WeatherFormatterTest.java:23)
	at sun.reflect.NativeMethodAccessorImpl.invoke0(Native Method)
	at sun.reflect.NativeMethodAccessorImpl.invoke(NativeMethodAccessorImpl.java:57)
	at sun.reflect.DelegatingMethodAccessorImpl.invoke(DelegatingMethodAccessorImpl.java:43)
	at java.lang.reflect.Method.invoke(Method.java:606)
	at junit.framework.TestCase.runTest(TestCase.java:154)
	at junit.framework.TestCase.runBare(TestCase.java:127)
	at junit.framework.TestResult$1.protect(TestResult.java:106)
	at junit.framework.TestResult.runProtected(TestResult.java:124)
	at junit.framework.TestResult.run(TestResult.java:109)
	at junit.framework.TestCase.run(TestCase.java:118)
	at junit.framework.TestSuite.runTest(TestSuite.java:208)
	at junit.framework.TestSuite.run(TestSuite.java:203)
	at sun.reflect.NativeMethodAccessorImpl.invoke0(Native Method)
	at sun.reflect.NativeMethodAccessorImpl.invoke(NativeMethodAccessorImpl.java:57)
	at sun.reflect.DelegatingMethodAccessorImpl.invoke(DelegatingMethodAccessorImpl.java:43)
	at java.lang.reflect.Method.invoke(Method.java:606)
	at org.apache.maven.surefire.junit.JUnitTestSet.execute(JUnitTestSet.java:95)
	at org.apache.maven.surefire.junit.JUnit3Provider.executeTestSet(JUnit3Provider.java:121)
	at org.apache.maven.surefire.junit.JUnit3Provider.invoke(JUnit3Provider.java:98)
	at sun.reflect.NativeMethodAccessorImpl.invoke0(Native Method)
	at sun.reflect.NativeMethodAccessorImpl.invoke(NativeMethodAccessorImpl.java:57)
	at sun.reflect.DelegatingMethodAccessorImpl.invoke(DelegatingMethodAccessorImpl.java:43)
	at java.lang.reflect.Method.invoke(Method.java:606)
	at org.apache.maven.surefire.util.ReflectionUtils.invokeMethodWithArray(ReflectionUtils.java:189)
	at org.apache.maven.surefire.booter.ProviderFactory$ProviderProxy.invoke(ProviderFactory.java:165)
	at org.apache.maven.surefire.booter.ProviderFactory.invokeProvider(ProviderFactory.java:85)
	at org.apache.maven.surefire.booter.ForkedBooter.runSuitesInProcess(ForkedBooter.java:115)
	at org.apache.maven.surefire.booter.ForkedBooter.main(ForkedBooter.java:75)
Caused by: java.lang.ClassNotFoundException: org.apache.log.format.Formatter
	at java.net.URLClassLoader$1.run(URLClassLoader.java:366)
	at java.net.URLClassLoader$1.run(URLClassLoader.java:355)
	at java.security.AccessController.doPrivileged(Native Method)
	at java.net.URLClassLoader.findClass(URLClassLoader.java:354)
	at java.lang.ClassLoader.loadClass(ClassLoader.java:425)
	at sun.misc.Launcher$AppClassLoader.loadClass(Launcher.java:308)
	at java.lang.ClassLoader.loadClass(ClassLoader.java:358)
	... 42 more
2016-11-04 08:53:55,548 - Trying to use logger class org.apache.velocity.runtime.log.Log4JLogChute
2016-11-04 08:53:55,548 - Using logger class org.apache.velocity.runtime.log.Log4JLogChute
2016-11-04 08:53:55,567 - Default ResourceManager initializing. (class org.apache.velocity.runtime.resource.ResourceManagerImpl)
2016-11-04 08:53:55,607 - ResourceLoader instantiated: org.apache.velocity.runtime.resource.loader.FileResourceLoader
2016-11-04 08:53:55,609 - Do unicode file recognition:  false
2016-11-04 08:53:55,609 - FileResourceLoader : adding path '.'
2016-11-04 08:53:55,659 - ResourceCache: initialized (class org.apache.velocity.runtime.resource.ResourceCacheImpl)
2016-11-04 08:53:55,661 - Loaded System Directive: org.apache.velocity.runtime.directive.Literal
2016-11-04 08:53:55,667 - Loaded System Directive: org.apache.velocity.runtime.directive.Macro
2016-11-04 08:53:55,670 - Loaded System Directive: org.apache.velocity.runtime.directive.Parse
2016-11-04 08:53:55,673 - Loaded System Directive: org.apache.velocity.runtime.directive.Include
2016-11-04 08:53:55,674 - Loaded System Directive: org.apache.velocity.runtime.directive.Foreach
2016-11-04 08:53:55,723 - Created '20' parsers.
2016-11-04 08:53:55,733 - Velocimacro : "velocimacro.library" is not set.  Trying default library: VM_global_library.vm
2016-11-04 08:53:55,733 - Velocimacro : Default library not found.
2016-11-04 08:53:55,733 - Velocimacro : allowInline = true : VMs can be defined inline in templates
2016-11-04 08:53:55,733 - Velocimacro : allowInlineToOverride = false : VMs defined inline may NOT replace previous VM definitions
2016-11-04 08:53:55,734 - Velocimacro : allowInlineLocal = false : VMs defined inline will be global in scope if allowed.
2016-11-04 08:53:55,734 - Velocimacro : autoload off : VM system will not automatically reload global library macros
